<?xml version="1.0" encoding="UTF-8"?>
<!-- Generated by org.testng.reporters.JUnitXMLReporter -->
<testsuite hostname="DESKTOP-FM60FP4" ignored="0" name="Test2" tests="4" failures="0" timestamp="2020-03-01T12:04:47 IST" time="0.048" errors="0">
  <testcase name="test1" time="0.003" classname="testng.P2"/>
  <testcase name="test2" time="0.004" classname="testng.P2"/>
  <testcase name="a" time="0.001" classname="testng.P1"/>
  <testcase name="banana" time="0.003" classname="testng.P1"/>
</testsuite> <!-- Test2 -->
